Defaulting to user installation because normal site-packages is not writeable
Requirement already satisfied: transformers in /sw/external/python/anaconda3_cpu/lib/python3.9/site-packages (from -r /projects/bcng/cs598-DHT/code/python/requirements.txt (line 1)) (4.32.1)
Requirement already satisfied: sentencepiece in /u/btaleka/.local/lib/python3.9/site-packages (from -r /projects/bcng/cs598-DHT/code/python/requirements.txt (line 2)) (0.2.0)
Requirement already satisfied: tokenizers==0.13.3 in /u/btaleka/.local/lib/python3.9/site-packages (from -r /projects/bcng/cs598-DHT/code/python/requirements.txt (line 3)) (0.13.3)
Requirement already satisfied: filelock in /sw/external/python/anaconda3_cpu/lib/python3.9/site-packages (from transformers->-r /projects/bcng/cs598-DHT/code/python/requirements.txt (line 1)) (3.9.0)
Requirement already satisfied: huggingface-hub<1.0,>=0.15.1 in /sw/external/python/anaconda3_cpu/lib/python3.9/site-packages (from transformers->-r /projects/bcng/cs598-DHT/code/python/requirements.txt (line 1)) (0.15.1)
Requirement already satisfied: numpy>=1.17 in /sw/external/python/anaconda3_cpu/lib/python3.9/site-packages (from transformers->-r /projects/bcng/cs598-DHT/code/python/requirements.txt (line 1)) (1.22.4)
Requirement already satisfied: packaging>=20.0 in /sw/external/python/anaconda3_cpu/lib/python3.9/site-packages (from transformers->-r /projects/bcng/cs598-DHT/code/python/requirements.txt (line 1)) (23.1)
Requirement already satisfied: pyyaml>=5.1 in /sw/external/python/anaconda3_cpu/lib/python3.9/site-packages (from transformers->-r /projects/bcng/cs598-DHT/code/python/requirements.txt (line 1)) (5.4.1)
Requirement already satisfied: regex!=2019.12.17 in /sw/external/python/anaconda3_cpu/lib/python3.9/site-packages (from transformers->-r /projects/bcng/cs598-DHT/code/python/requirements.txt (line 1)) (2022.7.9)
Requirement already satisfied: requests in /sw/external/python/anaconda3_cpu/lib/python3.9/site-packages (from transformers->-r /projects/bcng/cs598-DHT/code/python/requirements.txt (line 1)) (2.31.0)
Requirement already satisfied: safetensors>=0.3.1 in /sw/external/python/anaconda3_cpu/lib/python3.9/site-packages (from transformers->-r /projects/bcng/cs598-DHT/code/python/requirements.txt (line 1)) (0.3.2)
Requirement already satisfied: tqdm>=4.27 in /sw/external/python/anaconda3_cpu/lib/python3.9/site-packages (from transformers->-r /projects/bcng/cs598-DHT/code/python/requirements.txt (line 1)) (4.65.0)
Requirement already satisfied: fsspec in /sw/external/python/anaconda3_cpu/lib/python3.9/site-packages (from huggingface-hub<1.0,>=0.15.1->transformers->-r /projects/bcng/cs598-DHT/code/python/requirements.txt (line 1)) (2022.5.0)
Requirement already satisfied: typing-extensions>=3.7.4.3 in /sw/external/python/anaconda3_cpu/lib/python3.9/site-packages (from huggingface-hub<1.0,>=0.15.1->transformers->-r /projects/bcng/cs598-DHT/code/python/requirements.txt (line 1)) (4.7.1)
Requirement already satisfied: charset-normalizer<4,>=2 in /sw/external/python/anaconda3_cpu/lib/python3.9/site-packages (from requests->transformers->-r /projects/bcng/cs598-DHT/code/python/requirements.txt (line 1)) (2.0.4)
Requirement already satisfied: idna<4,>=2.5 in /sw/external/python/anaconda3_cpu/lib/python3.9/site-packages (from requests->transformers->-r /projects/bcng/cs598-DHT/code/python/requirements.txt (line 1)) (3.4)
Requirement already satisfied: urllib3<3,>=1.21.1 in /sw/external/python/anaconda3_cpu/lib/python3.9/site-packages (from requests->transformers->-r /projects/bcng/cs598-DHT/code/python/requirements.txt (line 1)) (1.26.16)
Requirement already satisfied: certifi>=2017.4.17 in /sw/external/python/anaconda3_cpu/lib/python3.9/site-packages (from requests->transformers->-r /projects/bcng/cs598-DHT/code/python/requirements.txt (line 1)) (2023.7.22)
transformers                  4.32.1
Defaulting to user installation because normal site-packages is not writeable
Requirement already satisfied: transformers in /sw/external/python/anaconda3_cpu/lib/python3.9/site-packages (4.32.1)
Collecting transformers
  Obtaining dependency information for transformers from https://files.pythonhosted.org/packages/e2/52/02271ef16713abea41bab736dfc2dbee75e5e3512cf7441e233976211ba5/transformers-4.39.2-py3-none-any.whl.metadata
  Downloading transformers-4.39.2-py3-none-any.whl.metadata (134 kB)
     ━━━━━━━━━━━━━━━━━━━━━━━━━━━━━━━━━━━━━━━ 134.8/134.8 kB 3.2 MB/s eta 0:00:00
Requirement already satisfied: filelock in /sw/external/python/anaconda3_cpu/lib/python3.9/site-packages (from transformers) (3.9.0)
Collecting huggingface-hub<1.0,>=0.19.3 (from transformers)
  Obtaining dependency information for huggingface-hub<1.0,>=0.19.3 from https://files.pythonhosted.org/packages/05/c0/779afbad8e75565c09ffa24a88b5dd7e293c92b74eb09df6435fc58ac986/huggingface_hub-0.22.2-py3-none-any.whl.metadata
  Downloading huggingface_hub-0.22.2-py3-none-any.whl.metadata (12 kB)
Requirement already satisfied: numpy>=1.17 in /sw/external/python/anaconda3_cpu/lib/python3.9/site-packages (from transformers) (1.22.4)
Requirement already satisfied: packaging>=20.0 in /sw/external/python/anaconda3_cpu/lib/python3.9/site-packages (from transformers) (23.1)
Requirement already satisfied: pyyaml>=5.1 in /sw/external/python/anaconda3_cpu/lib/python3.9/site-packages (from transformers) (5.4.1)
Requirement already satisfied: regex!=2019.12.17 in /sw/external/python/anaconda3_cpu/lib/python3.9/site-packages (from transformers) (2022.7.9)
Requirement already satisfied: requests in /sw/external/python/anaconda3_cpu/lib/python3.9/site-packages (from transformers) (2.31.0)
Collecting tokenizers<0.19,>=0.14 (from transformers)
  Obtaining dependency information for tokenizers<0.19,>=0.14 from https://files.pythonhosted.org/packages/a5/bc/ec39dae3b0ea00724c0fea287091d62b0ccaa45c7a947004714e882d193d/tokenizers-0.15.2-cp39-cp39-manylinux_2_17_x86_64.manylinux2014_x86_64.whl.metadata
  Downloading tokenizers-0.15.2-cp39-cp39-manylinux_2_17_x86_64.manylinux2014_x86_64.whl.metadata (6.7 kB)
Collecting safetensors>=0.4.1 (from transformers)
  Obtaining dependency information for safetensors>=0.4.1 from https://files.pythonhosted.org/packages/aa/9a/723fc6eed972b28bbb24241b246005093b3c27340bc8f7b7606d75a92834/safetensors-0.4.2-cp39-cp39-manylinux_2_17_x86_64.manylinux2014_x86_64.whl.metadata
  Downloading safetensors-0.4.2-cp39-cp39-manylinux_2_17_x86_64.manylinux2014_x86_64.whl.metadata (3.8 kB)
Requirement already satisfied: tqdm>=4.27 in /sw/external/python/anaconda3_cpu/lib/python3.9/site-packages (from transformers) (4.65.0)
Collecting fsspec>=2023.5.0 (from huggingface-hub<1.0,>=0.19.3->transformers)
  Obtaining dependency information for fsspec>=2023.5.0 from https://files.pythonhosted.org/packages/93/6d/66d48b03460768f523da62a57a7e14e5e95fdf339d79e996ce3cecda2cdb/fsspec-2024.3.1-py3-none-any.whl.metadata
  Downloading fsspec-2024.3.1-py3-none-any.whl.metadata (6.8 kB)
Requirement already satisfied: typing-extensions>=3.7.4.3 in /sw/external/python/anaconda3_cpu/lib/python3.9/site-packages (from huggingface-hub<1.0,>=0.19.3->transformers) (4.7.1)
Requirement already satisfied: charset-normalizer<4,>=2 in /sw/external/python/anaconda3_cpu/lib/python3.9/site-packages (from requests->transformers) (2.0.4)
Requirement already satisfied: idna<4,>=2.5 in /sw/external/python/anaconda3_cpu/lib/python3.9/site-packages (from requests->transformers) (3.4)
Requirement already satisfied: urllib3<3,>=1.21.1 in /sw/external/python/anaconda3_cpu/lib/python3.9/site-packages (from requests->transformers) (1.26.16)
Requirement already satisfied: certifi>=2017.4.17 in /sw/external/python/anaconda3_cpu/lib/python3.9/site-packages (from requests->transformers) (2023.7.22)
Downloading transformers-4.39.2-py3-none-any.whl (8.8 MB)
   ━━━━━━━━━━━━━━━━━━━━━━━━━━━━━━━━━━━━━━━━ 8.8/8.8 MB 11.0 MB/s eta 0:00:00
Downloading huggingface_hub-0.22.2-py3-none-any.whl (388 kB)
   ━━━━━━━━━━━━━━━━━━━━━━━━━━━━━━━━━━━━━━━━ 388.9/388.9 kB 8.0 MB/s eta 0:00:00
Downloading safetensors-0.4.2-cp39-cp39-manylinux_2_17_x86_64.manylinux2014_x86_64.whl (1.3 MB)
   ━━━━━━━━━━━━━━━━━━━━━━━━━━━━━━━━━━━━━━━━ 1.3/1.3 MB 7.0 MB/s eta 0:00:00
Downloading tokenizers-0.15.2-cp39-cp39-manylinux_2_17_x86_64.manylinux2014_x86_64.whl (3.6 MB)
   ━━━━━━━━━━━━━━━━━━━━━━━━━━━━━━━━━━━━━━━━ 3.6/3.6 MB 5.2 MB/s eta 0:00:00
Downloading fsspec-2024.3.1-py3-none-any.whl (171 kB)
   ━━━━━━━━━━━━━━━━━━━━━━━━━━━━━━━━━━━━━━━━ 172.0/172.0 kB 4.6 MB/s eta 0:00:00
Installing collected packages: safetensors, fsspec, huggingface-hub, tokenizers, transformers
  Attempting uninstall: tokenizers
    Found existing installation: tokenizers 0.13.3
    Uninstalling tokenizers-0.13.3:
      Successfully uninstalled tokenizers-0.13.3
Successfully installed fsspec-2024.3.1 huggingface-hub-0.22.2 safetensors-0.4.2 tokenizers-0.15.2 transformers-4.39.2
transformers                  4.39.2
job is starting on cn068.delta.ncsa.illinois.edu
downloading tokenizer
downlaoding model
