Defaulting to user installation because normal site-packages is not writeable
Requirement already satisfied: transformers in /sw/external/python/anaconda3_cpu/lib/python3.9/site-packages (from -r /projects/bcng/cs598-DHT/code/python/requirements.txt (line 1)) (4.32.1)
Collecting sentencepiece (from -r /projects/bcng/cs598-DHT/code/python/requirements.txt (line 2))
  Obtaining dependency information for sentencepiece from https://files.pythonhosted.org/packages/5f/01/c95e42eb86282b2c79305d3e0b0ca5a743f85a61262bb7130999c70b9374/sentencepiece-0.2.0-cp39-cp39-manylinux_2_17_x86_64.manylinux2014_x86_64.whl.metadata
  Using cached sentencepiece-0.2.0-cp39-cp39-manylinux_2_17_x86_64.manylinux2014_x86_64.whl.metadata (7.7 kB)
Requirement already satisfied: filelock in /sw/external/python/anaconda3_cpu/lib/python3.9/site-packages (from transformers->-r /projects/bcng/cs598-DHT/code/python/requirements.txt (line 1)) (3.9.0)
Requirement already satisfied: huggingface-hub<1.0,>=0.15.1 in /sw/external/python/anaconda3_cpu/lib/python3.9/site-packages (from transformers->-r /projects/bcng/cs598-DHT/code/python/requirements.txt (line 1)) (0.15.1)
Requirement already satisfied: numpy>=1.17 in /sw/external/python/anaconda3_cpu/lib/python3.9/site-packages (from transformers->-r /projects/bcng/cs598-DHT/code/python/requirements.txt (line 1)) (1.22.4)
Requirement already satisfied: packaging>=20.0 in /sw/external/python/anaconda3_cpu/lib/python3.9/site-packages (from transformers->-r /projects/bcng/cs598-DHT/code/python/requirements.txt (line 1)) (23.1)
Requirement already satisfied: pyyaml>=5.1 in /sw/external/python/anaconda3_cpu/lib/python3.9/site-packages (from transformers->-r /projects/bcng/cs598-DHT/code/python/requirements.txt (line 1)) (5.4.1)
Requirement already satisfied: regex!=2019.12.17 in /sw/external/python/anaconda3_cpu/lib/python3.9/site-packages (from transformers->-r /projects/bcng/cs598-DHT/code/python/requirements.txt (line 1)) (2022.7.9)
Requirement already satisfied: requests in /sw/external/python/anaconda3_cpu/lib/python3.9/site-packages (from transformers->-r /projects/bcng/cs598-DHT/code/python/requirements.txt (line 1)) (2.31.0)
Requirement already satisfied: tokenizers!=0.11.3,<0.14,>=0.11.1 in /sw/external/python/anaconda3_cpu/lib/python3.9/site-packages (from transformers->-r /projects/bcng/cs598-DHT/code/python/requirements.txt (line 1)) (0.13.2)
Requirement already satisfied: safetensors>=0.3.1 in /sw/external/python/anaconda3_cpu/lib/python3.9/site-packages (from transformers->-r /projects/bcng/cs598-DHT/code/python/requirements.txt (line 1)) (0.3.2)
Requirement already satisfied: tqdm>=4.27 in /sw/external/python/anaconda3_cpu/lib/python3.9/site-packages (from transformers->-r /projects/bcng/cs598-DHT/code/python/requirements.txt (line 1)) (4.65.0)
Requirement already satisfied: fsspec in /sw/external/python/anaconda3_cpu/lib/python3.9/site-packages (from huggingface-hub<1.0,>=0.15.1->transformers->-r /projects/bcng/cs598-DHT/code/python/requirements.txt (line 1)) (2022.5.0)
Requirement already satisfied: typing-extensions>=3.7.4.3 in /sw/external/python/anaconda3_cpu/lib/python3.9/site-packages (from huggingface-hub<1.0,>=0.15.1->transformers->-r /projects/bcng/cs598-DHT/code/python/requirements.txt (line 1)) (4.7.1)
Requirement already satisfied: charset-normalizer<4,>=2 in /sw/external/python/anaconda3_cpu/lib/python3.9/site-packages (from requests->transformers->-r /projects/bcng/cs598-DHT/code/python/requirements.txt (line 1)) (2.0.4)
Requirement already satisfied: idna<4,>=2.5 in /sw/external/python/anaconda3_cpu/lib/python3.9/site-packages (from requests->transformers->-r /projects/bcng/cs598-DHT/code/python/requirements.txt (line 1)) (3.4)
Requirement already satisfied: urllib3<3,>=1.21.1 in /sw/external/python/anaconda3_cpu/lib/python3.9/site-packages (from requests->transformers->-r /projects/bcng/cs598-DHT/code/python/requirements.txt (line 1)) (1.26.16)
Requirement already satisfied: certifi>=2017.4.17 in /sw/external/python/anaconda3_cpu/lib/python3.9/site-packages (from requests->transformers->-r /projects/bcng/cs598-DHT/code/python/requirements.txt (line 1)) (2023.7.22)
Using cached sentencepiece-0.2.0-cp39-cp39-manylinux_2_17_x86_64.manylinux2014_x86_64.whl (1.3 MB)
Installing collected packages: sentencepiece
Successfully installed sentencepiece-0.2.0
job is starting on cn093.delta.ncsa.illinois.edu
******downloading tokenizer******
************done with downloading tokenizer*************
***********downloading base t5 model******************
******************downloaded base t5 model***********************
Current Transformers cache directory: /u/btaleka/.cache/huggingface/hub
<pad> Wie old sind Sie?</s>
